<?xml version="1.0" encoding="UTF-8"?>
<testng-results skipped="0" failed="0" ignored="0" total="3" passed="3">
  <reporter-output>
  </reporter-output>
  <suite name="Default suite" duration-ms="46134" started-at="2018-10-04T15:42:37Z" finished-at="2018-10-04T15:43:23Z">
    <groups>
    </groups>
    <test name="Default test" duration-ms="46134" started-at="2018-10-04T15:42:37Z" finished-at="2018-10-04T15:43:23Z">
      <class name="TestNG.WordpressLogin">
        <test-method status="PASS" signature="loginToWordpress(java.lang.String, java.lang.String)[pri:0, instance:TestNG.WordpressLogin@2833cc44]" name="loginToWordpress" duration-ms="14745" started-at="2018-10-04T15:42:37Z" data-provider="WordpressData" finished-at="2018-10-04T15:42:52Z">
          <params>
            <param index="0">
              <value>
                <![CDATA[admin1]]>
              </value>
            </param>
            <param index="1">
              <value>
                <![CDATA[tesr]]>
              </value>
            </param>
          </params>
          <reporter-output>
          </reporter-output>
        </test-method> <!-- loginToWordpress -->
        <test-method status="PASS" signature="loginToWordpress(java.lang.String, java.lang.String)[pri:0, instance:TestNG.WordpressLogin@2833cc44]" name="loginToWordpress" duration-ms="17394" started-at="2018-10-04T15:42:52Z" data-provider="WordpressData" finished-at="2018-10-04T15:43:10Z">
          <params>
            <param index="0">
              <value>
                <![CDATA[admin]]>
              </value>
            </param>
            <param index="1">
              <value>
                <![CDATA[demo123]]>
              </value>
            </param>
          </params>
          <reporter-output>
          </reporter-output>
        </test-method> <!-- loginToWordpress -->
        <test-method status="PASS" signature="loginToWordpress(java.lang.String, java.lang.String)[pri:0, instance:TestNG.WordpressLogin@2833cc44]" name="loginToWordpress" duration-ms="13916" started-at="2018-10-04T15:43:10Z" data-provider="WordpressData" finished-at="2018-10-04T15:43:23Z">
          <params>
            <param index="0">
              <value>
                <![CDATA[admin1]]>
              </value>
            </param>
            <param index="1">
              <value>
                <![CDATA[tesr]]>
              </value>
            </param>
          </params>
          <reporter-output>
          </reporter-output>
        </test-method> <!-- loginToWordpress -->
      </class> <!-- TestNG.WordpressLogin -->
    </test> <!-- Default test -->
  </suite> <!-- Default suite -->
</testng-results>
